  [1m[36m (26.6ms)[0m  [1mCREATE TABLE "schema_migrations" ("version" varchar NOT NULL) [0m
  [1m[35m (0.1ms)[0m  select sqlite_version(*)
  [1m[36m (11.3ms)[0m  [1mCREATE UNIQUE INDEX "unique_schema_migrations" ON "schema_migrations" ("version")[0m
  [1m[35mActiveRecord::SchemaMigration Load (0.1ms)[0m  SELECT "schema_migrations".* FROM "schema_migrations"
Migrating to CreatePoints (20160522184304)
  [1m[36m (0.1ms)[0m  [1mbegin transaction[0m
  [1m[35m (0.3ms)[0m  CREATE TABLE "points" ("id" INTEGER PRIMARY KEY AUTOINCREMENT NOT NULL, "name" varchar, "time_to_travel" varchar, "created_at" datetime NOT NULL, "updated_at" datetime NOT NULL) 
  [1m[36mSQL (0.1ms)[0m  [1mINSERT INTO "schema_migrations" ("version") VALUES (?)[0m  [["version", "20160522184304"]]
  [1m[35m (12.6ms)[0m  commit transaction
  [1m[36mActiveRecord::SchemaMigration Load (0.1ms)[0m  [1mSELECT "schema_migrations".* FROM "schema_migrations"[0m
  [1m[36mPoint Load (2.5ms)[0m  [1mSELECT "points".* FROM "points"[0m
  [1m[35m (0.3ms)[0m  begin transaction
  [1m[36mSQL (0.3ms)[0m  [1mINSERT INTO "points" ("name", "time_to_travel", "created_at", "updated_at") VALUES (?, ?, ?, ?)[0m  [["name", "Point 1"], ["time_to_travel", "30"], ["created_at", "2016-05-22 18:44:53.038320"], ["updated_at", "2016-05-22 18:44:53.038320"]]
  [1m[35m (11.0ms)[0m  commit transaction


Started GET "/" for 127.0.0.1 at 2016-05-23 00:16:54 +0530
  [1m[36mActiveRecord::SchemaMigration Load (0.1ms)[0m  [1mSELECT "schema_migrations".* FROM "schema_migrations"[0m
Processing by Rails::WelcomeController#index as HTML
  Rendered /home/dawdler/.rvm/gems/ruby-2.1.2/gems/railties-4.2.6/lib/rails/templates/rails/welcome/index.html.erb (1.8ms)
Completed 200 OK in 52ms (Views: 44.6ms | ActiveRecord: 0.0ms)


Started GET "/" for 127.0.0.1 at 2016-05-23 00:17:14 +0530
Processing by Rails::WelcomeController#index as HTML
  Rendered /home/dawdler/.rvm/gems/ruby-2.1.2/gems/railties-4.2.6/lib/rails/templates/rails/welcome/index.html.erb (0.1ms)
Completed 200 OK in 2ms (Views: 1.3ms | ActiveRecord: 0.0ms)


Started GET "/books.json" for 127.0.0.1 at 2016-05-23 00:17:39 +0530

ActionController::RoutingError (No route matches [GET] "/books.json"):
  actionpack (4.2.6) lib/action_dispatch/middleware/debug_exceptions.rb:21:in `call'
  web-console (2.3.0) lib/web_console/middleware.rb:28:in `block in call'
  web-console (2.3.0) lib/web_console/middleware.rb:18:in `catch'
  web-console (2.3.0) lib/web_console/middleware.rb:18:in `call'
  actionpack (4.2.6) lib/action_dispatch/middleware/show_exceptions.rb:30:in `call'
  railties (4.2.6) lib/rails/rack/logger.rb:38:in `call_app'
  railties (4.2.6) lib/rails/rack/logger.rb:20:in `block in call'
  activesupport (4.2.6) lib/active_support/tagged_logging.rb:68:in `block in tagged'
  activesupport (4.2.6) lib/active_support/tagged_logging.rb:26:in `tagged'
  activesupport (4.2.6) lib/active_support/tagged_logging.rb:68:in `tagged'
  railties (4.2.6) lib/rails/rack/logger.rb:20:in `call'
  actionpack (4.2.6) lib/action_dispatch/middleware/request_id.rb:21:in `call'
  rack (1.6.4) lib/rack/methodoverride.rb:22:in `call'
  rack (1.6.4) lib/rack/runtime.rb:18:in `call'
  activesupport (4.2.6) lib/active_support/cache/strategy/local_cache_middleware.rb:28:in `call'
  rack (1.6.4) lib/rack/lock.rb:17:in `call'
  actionpack (4.2.6) lib/action_dispatch/middleware/static.rb:120:in `call'
  rack (1.6.4) lib/rack/sendfile.rb:113:in `call'
  railties (4.2.6) lib/rails/engine.rb:518:in `call'
  railties (4.2.6) lib/rails/application.rb:165:in `call'
  rack (1.6.4) lib/rack/lock.rb:17:in `call'
  rack (1.6.4) lib/rack/content_length.rb:15:in `call'
  rack (1.6.4) lib/rack/handler/webrick.rb:88:in `service'
  /usr/share/rvm/rubies/ruby-2.1.2/lib/ruby/2.1.0/webrick/httpserver.rb:138:in `service'
  /usr/share/rvm/rubies/ruby-2.1.2/lib/ruby/2.1.0/webrick/httpserver.rb:94:in `run'
  /usr/share/rvm/rubies/ruby-2.1.2/lib/ruby/2.1.0/webrick/server.rb:295:in `block in start_thread'


  Rendered /home/dawdler/.rvm/gems/ruby-2.1.2/gems/actionpack-4.2.6/lib/action_dispatch/middleware/templates/rescues/_trace.html.erb (1.6ms)
  Rendered /home/dawdler/.rvm/gems/ruby-2.1.2/gems/actionpack-4.2.6/lib/action_dispatch/middleware/templates/routes/_route.html.erb (0.8ms)
  Rendered /home/dawdler/.rvm/gems/ruby-2.1.2/gems/actionpack-4.2.6/lib/action_dispatch/middleware/templates/routes/_table.html.erb (27.7ms)
  Rendered /home/dawdler/.rvm/gems/ruby-2.1.2/gems/actionpack-4.2.6/lib/action_dispatch/middleware/templates/rescues/_request_and_response.html.erb (1.0ms)
  Rendered /home/dawdler/.rvm/gems/ruby-2.1.2/gems/actionpack-4.2.6/lib/action_dispatch/middleware/templates/rescues/routing_error.html.erb within rescues/layout (54.3ms)
  Rendered /home/dawdler/.rvm/gems/ruby-2.1.2/gems/web-console-2.3.0/lib/web_console/templates/_markup.html.erb (0.3ms)
  Rendered /home/dawdler/.rvm/gems/ruby-2.1.2/gems/web-console-2.3.0/lib/web_console/templates/_inner_console_markup.html.erb within layouts/inlined_string (0.2ms)
  Rendered /home/dawdler/.rvm/gems/ruby-2.1.2/gems/web-console-2.3.0/lib/web_console/templates/_prompt_box_markup.html.erb within layouts/inlined_string (0.2ms)
  Rendered /home/dawdler/.rvm/gems/ruby-2.1.2/gems/web-console-2.3.0/lib/web_console/templates/style.css.erb within layouts/inlined_string (0.2ms)
  Rendered /home/dawdler/.rvm/gems/ruby-2.1.2/gems/web-console-2.3.0/lib/web_console/templates/console.js.erb within layouts/javascript (27.1ms)
  Rendered /home/dawdler/.rvm/gems/ruby-2.1.2/gems/web-console-2.3.0/lib/web_console/templates/main.js.erb within layouts/javascript (0.4ms)
  Rendered /home/dawdler/.rvm/gems/ruby-2.1.2/gems/web-console-2.3.0/lib/web_console/templates/error_page.js.erb within layouts/javascript (0.3ms)
  Rendered /home/dawdler/.rvm/gems/ruby-2.1.2/gems/web-console-2.3.0/lib/web_console/templates/index.html.erb (62.5ms)


Started GET "/points.json" for 127.0.0.1 at 2016-05-23 00:17:49 +0530

ActionController::RoutingError (The controller-level `respond_to' feature has been extracted to the `responders` gem. Add it to your Gemfile to continue using this feature:
  gem 'responders', '~> 2.0'
Consult the Rails upgrade guide for details.):
  app/controllers/points_controller.rb:2:in `<class:PointsController>'
  app/controllers/points_controller.rb:1:in `<top (required)>'


  Rendered /home/dawdler/.rvm/gems/ruby-2.1.2/gems/actionpack-4.2.6/lib/action_dispatch/middleware/templates/rescues/_trace.html.erb (1.3ms)
  Rendered /home/dawdler/.rvm/gems/ruby-2.1.2/gems/actionpack-4.2.6/lib/action_dispatch/middleware/templates/routes/_route.html.erb (0.7ms)
  Rendered /home/dawdler/.rvm/gems/ruby-2.1.2/gems/actionpack-4.2.6/lib/action_dispatch/middleware/templates/routes/_table.html.erb (0.9ms)
  Rendered /home/dawdler/.rvm/gems/ruby-2.1.2/gems/actionpack-4.2.6/lib/action_dispatch/middleware/templates/rescues/_request_and_response.html.erb (0.8ms)
  Rendered /home/dawdler/.rvm/gems/ruby-2.1.2/gems/actionpack-4.2.6/lib/action_dispatch/middleware/templates/rescues/routing_error.html.erb within rescues/layout (16.9ms)
  Rendered /home/dawdler/.rvm/gems/ruby-2.1.2/gems/web-console-2.3.0/lib/web_console/templates/_markup.html.erb (0.2ms)
  Rendered /home/dawdler/.rvm/gems/ruby-2.1.2/gems/web-console-2.3.0/lib/web_console/templates/_inner_console_markup.html.erb within layouts/inlined_string (0.2ms)
  Rendered /home/dawdler/.rvm/gems/ruby-2.1.2/gems/web-console-2.3.0/lib/web_console/templates/_prompt_box_markup.html.erb within layouts/inlined_string (0.2ms)
  Rendered /home/dawdler/.rvm/gems/ruby-2.1.2/gems/web-console-2.3.0/lib/web_console/templates/style.css.erb within layouts/inlined_string (0.4ms)
  Rendered /home/dawdler/.rvm/gems/ruby-2.1.2/gems/web-console-2.3.0/lib/web_console/templates/console.js.erb within layouts/javascript (10.5ms)
  Rendered /home/dawdler/.rvm/gems/ruby-2.1.2/gems/web-console-2.3.0/lib/web_console/templates/main.js.erb within layouts/javascript (0.2ms)
  Rendered /home/dawdler/.rvm/gems/ruby-2.1.2/gems/web-console-2.3.0/lib/web_console/templates/error_page.js.erb within layouts/javascript (0.3ms)
  Rendered /home/dawdler/.rvm/gems/ruby-2.1.2/gems/web-console-2.3.0/lib/web_console/templates/index.html.erb (21.1ms)


Started GET "/points.json" for 127.0.0.1 at 2016-05-23 00:25:10 +0530
  [1m[36mActiveRecord::SchemaMigration Load (0.1ms)[0m  [1mSELECT "schema_migrations".* FROM "schema_migrations"[0m

ActionController::RoutingError (The controller-level `respond_to' feature has been extracted to the `responders` gem. Add it to your Gemfile to continue using this feature:
  gem 'responders', '~> 2.0'
Consult the Rails upgrade guide for details.):
  app/controllers/points_controller.rb:2:in `<class:PointsController>'
  app/controllers/points_controller.rb:1:in `<top (required)>'


  Rendered /home/dawdler/.rvm/gems/ruby-2.1.2/gems/actionpack-4.2.6/lib/action_dispatch/middleware/templates/rescues/_trace.html.erb (1.3ms)
  Rendered /home/dawdler/.rvm/gems/ruby-2.1.2/gems/actionpack-4.2.6/lib/action_dispatch/middleware/templates/routes/_route.html.erb (1.2ms)
  Rendered /home/dawdler/.rvm/gems/ruby-2.1.2/gems/actionpack-4.2.6/lib/action_dispatch/middleware/templates/routes/_table.html.erb (4.3ms)
  Rendered /home/dawdler/.rvm/gems/ruby-2.1.2/gems/actionpack-4.2.6/lib/action_dispatch/middleware/templates/rescues/_request_and_response.html.erb (7.0ms)
  Rendered /home/dawdler/.rvm/gems/ruby-2.1.2/gems/actionpack-4.2.6/lib/action_dispatch/middleware/templates/rescues/routing_error.html.erb within rescues/layout (32.4ms)
  Rendered /home/dawdler/.rvm/gems/ruby-2.1.2/gems/web-console-2.3.0/lib/web_console/templates/_markup.html.erb (0.3ms)
  Rendered /home/dawdler/.rvm/gems/ruby-2.1.2/gems/web-console-2.3.0/lib/web_console/templates/_inner_console_markup.html.erb within layouts/inlined_string (0.2ms)
  Rendered /home/dawdler/.rvm/gems/ruby-2.1.2/gems/web-console-2.3.0/lib/web_console/templates/_prompt_box_markup.html.erb within layouts/inlined_string (0.2ms)
  Rendered /home/dawdler/.rvm/gems/ruby-2.1.2/gems/web-console-2.3.0/lib/web_console/templates/style.css.erb within layouts/inlined_string (0.2ms)
  Rendered /home/dawdler/.rvm/gems/ruby-2.1.2/gems/web-console-2.3.0/lib/web_console/templates/console.js.erb within layouts/javascript (12.4ms)
  Rendered /home/dawdler/.rvm/gems/ruby-2.1.2/gems/web-console-2.3.0/lib/web_console/templates/main.js.erb within layouts/javascript (0.2ms)
  Rendered /home/dawdler/.rvm/gems/ruby-2.1.2/gems/web-console-2.3.0/lib/web_console/templates/error_page.js.erb within layouts/javascript (0.3ms)
  Rendered /home/dawdler/.rvm/gems/ruby-2.1.2/gems/web-console-2.3.0/lib/web_console/templates/index.html.erb (23.3ms)


Started GET "/points.json" for 127.0.0.1 at 2016-05-23 00:26:20 +0530
  [1m[36mActiveRecord::SchemaMigration Load (0.1ms)[0m  [1mSELECT "schema_migrations".* FROM "schema_migrations"[0m

ActionController::RoutingError (The controller-level `respond_to' feature has been extracted to the `responders` gem. Add it to your Gemfile to continue using this feature:
  gem 'responders', '~> 2.0'
Consult the Rails upgrade guide for details.):
  app/controllers/points_controller.rb:2:in `<class:PointsController>'
  app/controllers/points_controller.rb:1:in `<top (required)>'


  Rendered /home/dawdler/.rvm/gems/ruby-2.1.2/gems/actionpack-4.2.6/lib/action_dispatch/middleware/templates/rescues/_trace.html.erb (1.3ms)
  Rendered /home/dawdler/.rvm/gems/ruby-2.1.2/gems/actionpack-4.2.6/lib/action_dispatch/middleware/templates/routes/_route.html.erb (1.2ms)
  Rendered /home/dawdler/.rvm/gems/ruby-2.1.2/gems/actionpack-4.2.6/lib/action_dispatch/middleware/templates/routes/_table.html.erb (4.2ms)
  Rendered /home/dawdler/.rvm/gems/ruby-2.1.2/gems/actionpack-4.2.6/lib/action_dispatch/middleware/templates/rescues/_request_and_response.html.erb (6.9ms)
  Rendered /home/dawdler/.rvm/gems/ruby-2.1.2/gems/actionpack-4.2.6/lib/action_dispatch/middleware/templates/rescues/routing_error.html.erb within rescues/layout (32.2ms)
  Rendered /home/dawdler/.rvm/gems/ruby-2.1.2/gems/web-console-2.3.0/lib/web_console/templates/_markup.html.erb (0.2ms)
  Rendered /home/dawdler/.rvm/gems/ruby-2.1.2/gems/web-console-2.3.0/lib/web_console/templates/_inner_console_markup.html.erb within layouts/inlined_string (0.2ms)
  Rendered /home/dawdler/.rvm/gems/ruby-2.1.2/gems/web-console-2.3.0/lib/web_console/templates/_prompt_box_markup.html.erb within layouts/inlined_string (0.2ms)
  Rendered /home/dawdler/.rvm/gems/ruby-2.1.2/gems/web-console-2.3.0/lib/web_console/templates/style.css.erb within layouts/inlined_string (0.2ms)
  Rendered /home/dawdler/.rvm/gems/ruby-2.1.2/gems/web-console-2.3.0/lib/web_console/templates/console.js.erb within layouts/javascript (12.0ms)
  Rendered /home/dawdler/.rvm/gems/ruby-2.1.2/gems/web-console-2.3.0/lib/web_console/templates/main.js.erb within layouts/javascript (0.2ms)
  Rendered /home/dawdler/.rvm/gems/ruby-2.1.2/gems/web-console-2.3.0/lib/web_console/templates/error_page.js.erb within layouts/javascript (0.3ms)
  Rendered /home/dawdler/.rvm/gems/ruby-2.1.2/gems/web-console-2.3.0/lib/web_console/templates/index.html.erb (22.6ms)


Started GET "/" for 127.0.0.1 at 2016-05-23 00:27:36 +0530
Processing by Rails::WelcomeController#index as HTML
  Rendered /home/dawdler/.rvm/gems/ruby-2.1.2/gems/railties-4.2.6/lib/rails/templates/rails/welcome/index.html.erb (1.5ms)
Completed 200 OK in 7ms (Views: 6.6ms | ActiveRecord: 0.0ms)


Started GET "/" for 127.0.0.1 at 2016-05-23 00:27:41 +0530
Processing by Rails::WelcomeController#index as HTML
  Rendered /home/dawdler/.rvm/gems/ruby-2.1.2/gems/railties-4.2.6/lib/rails/templates/rails/welcome/index.html.erb (0.0ms)
Completed 200 OK in 1ms (Views: 0.7ms | ActiveRecord: 0.0ms)


Started GET "/" for 127.0.0.1 at 2016-05-23 00:27:45 +0530
Processing by Rails::WelcomeController#index as HTML
  Rendered /home/dawdler/.rvm/gems/ruby-2.1.2/gems/railties-4.2.6/lib/rails/templates/rails/welcome/index.html.erb (0.1ms)
Completed 200 OK in 2ms (Views: 1.2ms | ActiveRecord: 0.0ms)


Started GET "/" for 127.0.0.1 at 2016-05-23 00:28:18 +0530
Processing by Rails::WelcomeController#index as HTML
  Rendered /home/dawdler/.rvm/gems/ruby-2.1.2/gems/railties-4.2.6/lib/rails/templates/rails/welcome/index.html.erb (0.1ms)
Completed 200 OK in 4ms (Views: 3.8ms | ActiveRecord: 0.0ms)


Started GET "/" for 127.0.0.1 at 2016-05-23 00:28:19 +0530
Processing by Rails::WelcomeController#index as HTML
  Rendered /home/dawdler/.rvm/gems/ruby-2.1.2/gems/railties-4.2.6/lib/rails/templates/rails/welcome/index.html.erb (0.1ms)
Completed 200 OK in 2ms (Views: 1.7ms | ActiveRecord: 0.0ms)


Started GET "/points.json" for 127.0.0.1 at 2016-05-23 00:29:37 +0530

ActionController::RoutingError (The controller-level `respond_to' feature has been extracted to the `responders` gem. Add it to your Gemfile to continue using this feature:
  gem 'responders', '~> 2.0'
Consult the Rails upgrade guide for details.):
  app/controllers/points_controller.rb:2:in `<class:PointsController>'
  app/controllers/points_controller.rb:1:in `<top (required)>'


  Rendered /home/dawdler/.rvm/gems/ruby-2.1.2/gems/actionpack-4.2.6/lib/action_dispatch/middleware/templates/rescues/_trace.html.erb (1.4ms)
  Rendered /home/dawdler/.rvm/gems/ruby-2.1.2/gems/actionpack-4.2.6/lib/action_dispatch/middleware/templates/routes/_route.html.erb (0.9ms)
  Rendered /home/dawdler/.rvm/gems/ruby-2.1.2/gems/actionpack-4.2.6/lib/action_dispatch/middleware/templates/routes/_table.html.erb (1.0ms)
  Rendered /home/dawdler/.rvm/gems/ruby-2.1.2/gems/actionpack-4.2.6/lib/action_dispatch/middleware/templates/rescues/_request_and_response.html.erb (7.6ms)
  Rendered /home/dawdler/.rvm/gems/ruby-2.1.2/gems/actionpack-4.2.6/lib/action_dispatch/middleware/templates/rescues/routing_error.html.erb within rescues/layout (28.5ms)
  Rendered /home/dawdler/.rvm/gems/ruby-2.1.2/gems/web-console-2.3.0/lib/web_console/templates/_markup.html.erb (0.2ms)
  Rendered /home/dawdler/.rvm/gems/ruby-2.1.2/gems/web-console-2.3.0/lib/web_console/templates/_inner_console_markup.html.erb within layouts/inlined_string (0.2ms)
  Rendered /home/dawdler/.rvm/gems/ruby-2.1.2/gems/web-console-2.3.0/lib/web_console/templates/_prompt_box_markup.html.erb within layouts/inlined_string (0.2ms)
  Rendered /home/dawdler/.rvm/gems/ruby-2.1.2/gems/web-console-2.3.0/lib/web_console/templates/style.css.erb within layouts/inlined_string (0.2ms)
  Rendered /home/dawdler/.rvm/gems/ruby-2.1.2/gems/web-console-2.3.0/lib/web_console/templates/console.js.erb within layouts/javascript (10.0ms)
  Rendered /home/dawdler/.rvm/gems/ruby-2.1.2/gems/web-console-2.3.0/lib/web_console/templates/main.js.erb within layouts/javascript (0.2ms)
  Rendered /home/dawdler/.rvm/gems/ruby-2.1.2/gems/web-console-2.3.0/lib/web_console/templates/error_page.js.erb within layouts/javascript (0.3ms)
  Rendered /home/dawdler/.rvm/gems/ruby-2.1.2/gems/web-console-2.3.0/lib/web_console/templates/index.html.erb (20.7ms)


Started GET "/" for 127.0.0.1 at 2016-05-23 00:30:39 +0530
Processing by Rails::WelcomeController#index as HTML
  Rendered /home/dawdler/.rvm/gems/ruby-2.1.2/gems/railties-4.2.6/lib/rails/templates/rails/welcome/index.html.erb (0.1ms)
Completed 200 OK in 2ms (Views: 1.4ms | ActiveRecord: 0.0ms)


Started GET "/points.json" for 127.0.0.1 at 2016-05-23 00:35:23 +0530
  [1m[36mActiveRecord::SchemaMigration Load (0.1ms)[0m  [1mSELECT "schema_migrations".* FROM "schema_migrations"[0m

ActionController::RoutingError (The controller-level `respond_to' feature has been extracted to the `responders` gem. Add it to your Gemfile to continue using this feature:
  gem 'responders', '~> 2.0'
Consult the Rails upgrade guide for details.):
  app/controllers/points_controller.rb:2:in `<class:PointsController>'
  app/controllers/points_controller.rb:1:in `<top (required)>'


  Rendered /home/dawdler/.rvm/gems/ruby-2.1.2/gems/actionpack-4.2.6/lib/action_dispatch/middleware/templates/rescues/_trace.html.erb (1.4ms)
  Rendered /home/dawdler/.rvm/gems/ruby-2.1.2/gems/actionpack-4.2.6/lib/action_dispatch/middleware/templates/routes/_route.html.erb (0.7ms)
  Rendered /home/dawdler/.rvm/gems/ruby-2.1.2/gems/actionpack-4.2.6/lib/action_dispatch/middleware/templates/routes/_table.html.erb (4.9ms)
  Rendered /home/dawdler/.rvm/gems/ruby-2.1.2/gems/actionpack-4.2.6/lib/action_dispatch/middleware/templates/rescues/_request_and_response.html.erb (7.8ms)
  Rendered /home/dawdler/.rvm/gems/ruby-2.1.2/gems/actionpack-4.2.6/lib/action_dispatch/middleware/templates/rescues/routing_error.html.erb within rescues/layout (31.7ms)
  Rendered /home/dawdler/.rvm/gems/ruby-2.1.2/gems/web-console-2.3.0/lib/web_console/templates/_markup.html.erb (0.3ms)
  Rendered /home/dawdler/.rvm/gems/ruby-2.1.2/gems/web-console-2.3.0/lib/web_console/templates/_inner_console_markup.html.erb within layouts/inlined_string (0.2ms)
  Rendered /home/dawdler/.rvm/gems/ruby-2.1.2/gems/web-console-2.3.0/lib/web_console/templates/_prompt_box_markup.html.erb within layouts/inlined_string (0.2ms)
  Rendered /home/dawdler/.rvm/gems/ruby-2.1.2/gems/web-console-2.3.0/lib/web_console/templates/style.css.erb within layouts/inlined_string (0.2ms)
  Rendered /home/dawdler/.rvm/gems/ruby-2.1.2/gems/web-console-2.3.0/lib/web_console/templates/console.js.erb within layouts/javascript (12.7ms)
  Rendered /home/dawdler/.rvm/gems/ruby-2.1.2/gems/web-console-2.3.0/lib/web_console/templates/main.js.erb within layouts/javascript (0.2ms)
  Rendered /home/dawdler/.rvm/gems/ruby-2.1.2/gems/web-console-2.3.0/lib/web_console/templates/error_page.js.erb within layouts/javascript (0.3ms)
  Rendered /home/dawdler/.rvm/gems/ruby-2.1.2/gems/web-console-2.3.0/lib/web_console/templates/index.html.erb (24.0ms)


Started GET "/points" for 127.0.0.1 at 2016-05-23 00:35:27 +0530

ActionController::RoutingError (The controller-level `respond_to' feature has been extracted to the `responders` gem. Add it to your Gemfile to continue using this feature:
  gem 'responders', '~> 2.0'
Consult the Rails upgrade guide for details.):
  app/controllers/points_controller.rb:2:in `<class:PointsController>'
  app/controllers/points_controller.rb:1:in `<top (required)>'


  Rendered /home/dawdler/.rvm/gems/ruby-2.1.2/gems/actionpack-4.2.6/lib/action_dispatch/middleware/templates/rescues/_trace.html.erb (1.4ms)
  Rendered /home/dawdler/.rvm/gems/ruby-2.1.2/gems/actionpack-4.2.6/lib/action_dispatch/middleware/templates/routes/_route.html.erb (0.7ms)
  Rendered /home/dawdler/.rvm/gems/ruby-2.1.2/gems/actionpack-4.2.6/lib/action_dispatch/middleware/templates/routes/_table.html.erb (2.0ms)
  Rendered /home/dawdler/.rvm/gems/ruby-2.1.2/gems/actionpack-4.2.6/lib/action_dispatch/middleware/templates/rescues/_request_and_response.html.erb (0.8ms)
  Rendered /home/dawdler/.rvm/gems/ruby-2.1.2/gems/actionpack-4.2.6/lib/action_dispatch/middleware/templates/rescues/routing_error.html.erb within rescues/layout (19.7ms)
  Rendered /home/dawdler/.rvm/gems/ruby-2.1.2/gems/web-console-2.3.0/lib/web_console/templates/_markup.html.erb (0.3ms)
  Rendered /home/dawdler/.rvm/gems/ruby-2.1.2/gems/web-console-2.3.0/lib/web_console/templates/_inner_console_markup.html.erb within layouts/inlined_string (0.3ms)
  Rendered /home/dawdler/.rvm/gems/ruby-2.1.2/gems/web-console-2.3.0/lib/web_console/templates/_prompt_box_markup.html.erb within layouts/inlined_string (0.2ms)
  Rendered /home/dawdler/.rvm/gems/ruby-2.1.2/gems/web-console-2.3.0/lib/web_console/templates/style.css.erb within layouts/inlined_string (0.3ms)
  Rendered /home/dawdler/.rvm/gems/ruby-2.1.2/gems/web-console-2.3.0/lib/web_console/templates/console.js.erb within layouts/javascript (11.1ms)
  Rendered /home/dawdler/.rvm/gems/ruby-2.1.2/gems/web-console-2.3.0/lib/web_console/templates/main.js.erb within layouts/javascript (0.2ms)
  Rendered /home/dawdler/.rvm/gems/ruby-2.1.2/gems/web-console-2.3.0/lib/web_console/templates/error_page.js.erb within layouts/javascript (0.3ms)
  Rendered /home/dawdler/.rvm/gems/ruby-2.1.2/gems/web-console-2.3.0/lib/web_console/templates/index.html.erb (22.6ms)


Started GET "/points" for 127.0.0.1 at 2016-05-23 00:35:28 +0530

ActionController::RoutingError (The controller-level `respond_to' feature has been extracted to the `responders` gem. Add it to your Gemfile to continue using this feature:
  gem 'responders', '~> 2.0'
Consult the Rails upgrade guide for details.):
  app/controllers/points_controller.rb:2:in `<class:PointsController>'
  app/controllers/points_controller.rb:1:in `<top (required)>'


  Rendered /home/dawdler/.rvm/gems/ruby-2.1.2/gems/actionpack-4.2.6/lib/action_dispatch/middleware/templates/rescues/_trace.html.erb (1.4ms)
  Rendered /home/dawdler/.rvm/gems/ruby-2.1.2/gems/actionpack-4.2.6/lib/action_dispatch/middleware/templates/routes/_route.html.erb (0.7ms)
  Rendered /home/dawdler/.rvm/gems/ruby-2.1.2/gems/actionpack-4.2.6/lib/action_dispatch/middleware/templates/routes/_table.html.erb (1.0ms)
  Rendered /home/dawdler/.rvm/gems/ruby-2.1.2/gems/actionpack-4.2.6/lib/action_dispatch/middleware/templates/rescues/_request_and_response.html.erb (0.9ms)
  Rendered /home/dawdler/.rvm/gems/ruby-2.1.2/gems/actionpack-4.2.6/lib/action_dispatch/middleware/templates/rescues/routing_error.html.erb within rescues/layout (18.6ms)
  Rendered /home/dawdler/.rvm/gems/ruby-2.1.2/gems/web-console-2.3.0/lib/web_console/templates/_markup.html.erb (0.3ms)
  Rendered /home/dawdler/.rvm/gems/ruby-2.1.2/gems/web-console-2.3.0/lib/web_console/templates/_inner_console_markup.html.erb within layouts/inlined_string (0.3ms)
  Rendered /home/dawdler/.rvm/gems/ruby-2.1.2/gems/web-console-2.3.0/lib/web_console/templates/_prompt_box_markup.html.erb within layouts/inlined_string (0.2ms)
  Rendered /home/dawdler/.rvm/gems/ruby-2.1.2/gems/web-console-2.3.0/lib/web_console/templates/style.css.erb within layouts/inlined_string (0.3ms)
  Rendered /home/dawdler/.rvm/gems/ruby-2.1.2/gems/web-console-2.3.0/lib/web_console/templates/console.js.erb within layouts/javascript (10.8ms)
  Rendered /home/dawdler/.rvm/gems/ruby-2.1.2/gems/web-console-2.3.0/lib/web_console/templates/main.js.erb within layouts/javascript (0.3ms)
  Rendered /home/dawdler/.rvm/gems/ruby-2.1.2/gems/web-console-2.3.0/lib/web_console/templates/error_page.js.erb within layouts/javascript (0.3ms)
  Rendered /home/dawdler/.rvm/gems/ruby-2.1.2/gems/web-console-2.3.0/lib/web_console/templates/index.html.erb (22.5ms)


Started GET "/points" for 127.0.0.1 at 2016-05-23 00:35:38 +0530

ActionController::RoutingError (The controller-level `respond_to' feature has been extracted to the `responders` gem. Add it to your Gemfile to continue using this feature:
  gem 'responders', '~> 2.0'
Consult the Rails upgrade guide for details.):
  app/controllers/points_controller.rb:2:in `<class:PointsController>'
  app/controllers/points_controller.rb:1:in `<top (required)>'


  Rendered /home/dawdler/.rvm/gems/ruby-2.1.2/gems/actionpack-4.2.6/lib/action_dispatch/middleware/templates/rescues/_trace.html.erb (1.4ms)
  Rendered /home/dawdler/.rvm/gems/ruby-2.1.2/gems/actionpack-4.2.6/lib/action_dispatch/middleware/templates/routes/_route.html.erb (0.8ms)
  Rendered /home/dawdler/.rvm/gems/ruby-2.1.2/gems/actionpack-4.2.6/lib/action_dispatch/middleware/templates/routes/_table.html.erb (1.0ms)
  Rendered /home/dawdler/.rvm/gems/ruby-2.1.2/gems/actionpack-4.2.6/lib/action_dispatch/middleware/templates/rescues/_request_and_response.html.erb (0.8ms)
  Rendered /home/dawdler/.rvm/gems/ruby-2.1.2/gems/actionpack-4.2.6/lib/action_dispatch/middleware/templates/rescues/routing_error.html.erb within rescues/layout (18.2ms)
  Rendered /home/dawdler/.rvm/gems/ruby-2.1.2/gems/web-console-2.3.0/lib/web_console/templates/_markup.html.erb (0.3ms)
  Rendered /home/dawdler/.rvm/gems/ruby-2.1.2/gems/web-console-2.3.0/lib/web_console/templates/_inner_console_markup.html.erb within layouts/inlined_string (0.3ms)
  Rendered /home/dawdler/.rvm/gems/ruby-2.1.2/gems/web-console-2.3.0/lib/web_console/templates/_prompt_box_markup.html.erb within layouts/inlined_string (0.2ms)
  Rendered /home/dawdler/.rvm/gems/ruby-2.1.2/gems/web-console-2.3.0/lib/web_console/templates/style.css.erb within layouts/inlined_string (0.3ms)
  Rendered /home/dawdler/.rvm/gems/ruby-2.1.2/gems/web-console-2.3.0/lib/web_console/templates/console.js.erb within layouts/javascript (11.2ms)
  Rendered /home/dawdler/.rvm/gems/ruby-2.1.2/gems/web-console-2.3.0/lib/web_console/templates/main.js.erb within layouts/javascript (0.2ms)
  Rendered /home/dawdler/.rvm/gems/ruby-2.1.2/gems/web-console-2.3.0/lib/web_console/templates/error_page.js.erb within layouts/javascript (0.3ms)
  Rendered /home/dawdler/.rvm/gems/ruby-2.1.2/gems/web-console-2.3.0/lib/web_console/templates/index.html.erb (22.9ms)


Started GET "/points" for 127.0.0.1 at 2016-05-23 00:35:56 +0530
  [1m[36mActiveRecord::SchemaMigration Load (0.1ms)[0m  [1mSELECT "schema_migrations".* FROM "schema_migrations"[0m

ActionController::RoutingError (The controller-level `respond_to' feature has been extracted to the `responders` gem. Add it to your Gemfile to continue using this feature:
  gem 'responders', '~> 2.0'
Consult the Rails upgrade guide for details.):
  app/controllers/points_controller.rb:2:in `<class:PointsController>'
  app/controllers/points_controller.rb:1:in `<top (required)>'


  Rendered /home/dawdler/.rvm/gems/ruby-2.1.2/gems/actionpack-4.2.6/lib/action_dispatch/middleware/templates/rescues/_trace.html.erb (1.4ms)
  Rendered /home/dawdler/.rvm/gems/ruby-2.1.2/gems/actionpack-4.2.6/lib/action_dispatch/middleware/templates/routes/_route.html.erb (0.7ms)
  Rendered /home/dawdler/.rvm/gems/ruby-2.1.2/gems/actionpack-4.2.6/lib/action_dispatch/middleware/templates/routes/_table.html.erb (4.6ms)
  Rendered /home/dawdler/.rvm/gems/ruby-2.1.2/gems/actionpack-4.2.6/lib/action_dispatch/middleware/templates/rescues/_request_and_response.html.erb (7.1ms)
  Rendered /home/dawdler/.rvm/gems/ruby-2.1.2/gems/actionpack-4.2.6/lib/action_dispatch/middleware/templates/rescues/routing_error.html.erb within rescues/layout (30.3ms)
  Rendered /home/dawdler/.rvm/gems/ruby-2.1.2/gems/web-console-2.3.0/lib/web_console/templates/_markup.html.erb (0.3ms)
  Rendered /home/dawdler/.rvm/gems/ruby-2.1.2/gems/web-console-2.3.0/lib/web_console/templates/_inner_console_markup.html.erb within layouts/inlined_string (0.2ms)
  Rendered /home/dawdler/.rvm/gems/ruby-2.1.2/gems/web-console-2.3.0/lib/web_console/templates/_prompt_box_markup.html.erb within layouts/inlined_string (0.2ms)
  Rendered /home/dawdler/.rvm/gems/ruby-2.1.2/gems/web-console-2.3.0/lib/web_console/templates/style.css.erb within layouts/inlined_string (0.2ms)
  Rendered /home/dawdler/.rvm/gems/ruby-2.1.2/gems/web-console-2.3.0/lib/web_console/templates/console.js.erb within layouts/javascript (13.1ms)
  Rendered /home/dawdler/.rvm/gems/ruby-2.1.2/gems/web-console-2.3.0/lib/web_console/templates/main.js.erb within layouts/javascript (0.2ms)
  Rendered /home/dawdler/.rvm/gems/ruby-2.1.2/gems/web-console-2.3.0/lib/web_console/templates/error_page.js.erb within layouts/javascript (0.3ms)
  Rendered /home/dawdler/.rvm/gems/ruby-2.1.2/gems/web-console-2.3.0/lib/web_console/templates/index.html.erb (24.8ms)


Started GET "/" for 127.0.0.1 at 2016-05-23 00:36:10 +0530
Processing by Rails::WelcomeController#index as HTML
  Rendered /home/dawdler/.rvm/gems/ruby-2.1.2/gems/railties-4.2.6/lib/rails/templates/rails/welcome/index.html.erb (0.6ms)
Completed 200 OK in 4ms (Views: 3.7ms | ActiveRecord: 0.0ms)


Started GET "/" for 127.0.0.1 at 2016-05-23 00:36:28 +0530
Processing by Rails::WelcomeController#index as HTML
  Rendered /home/dawdler/.rvm/gems/ruby-2.1.2/gems/railties-4.2.6/lib/rails/templates/rails/welcome/index.html.erb (0.1ms)
Completed 200 OK in 1ms (Views: 1.0ms | ActiveRecord: 0.0ms)


Started GET "/" for 127.0.0.1 at 2016-05-23 00:38:34 +0530
  [1m[36mActiveRecord::SchemaMigration Load (0.1ms)[0m  [1mSELECT "schema_migrations".* FROM "schema_migrations"[0m
Processing by Rails::WelcomeController#index as HTML
  Rendered /home/dawdler/.rvm/gems/ruby-2.1.2/gems/railties-4.2.6/lib/rails/templates/rails/welcome/index.html.erb (1.6ms)
Completed 200 OK in 18ms (Views: 11.1ms | ActiveRecord: 0.0ms)


Started GET "/" for 127.0.0.1 at 2016-05-23 00:38:42 +0530
Processing by Rails::WelcomeController#index as HTML
  Rendered /home/dawdler/.rvm/gems/ruby-2.1.2/gems/railties-4.2.6/lib/rails/templates/rails/welcome/index.html.erb (0.1ms)
Completed 200 OK in 2ms (Views: 1.3ms | ActiveRecord: 0.0ms)


Started GET "/" for 127.0.0.1 at 2016-05-23 00:38:44 +0530
Processing by Rails::WelcomeController#index as HTML
  Rendered /home/dawdler/.rvm/gems/ruby-2.1.2/gems/railties-4.2.6/lib/rails/templates/rails/welcome/index.html.erb (0.1ms)
Completed 200 OK in 3ms (Views: 1.8ms | ActiveRecord: 0.0ms)


Started GET "/points" for 127.0.0.1 at 2016-05-23 00:38:50 +0530

ActionController::RoutingError (The controller-level `respond_to' feature has been extracted to the `responders` gem. Add it to your Gemfile to continue using this feature:
  gem 'responders', '~> 2.0'
Consult the Rails upgrade guide for details.):
  app/controllers/points_controller.rb:2:in `<class:PointsController>'
  app/controllers/points_controller.rb:1:in `<top (required)>'


  Rendered /home/dawdler/.rvm/gems/ruby-2.1.2/gems/actionpack-4.2.6/lib/action_dispatch/middleware/templates/rescues/_trace.html.erb (1.6ms)
  Rendered /home/dawdler/.rvm/gems/ruby-2.1.2/gems/actionpack-4.2.6/lib/action_dispatch/middleware/templates/routes/_route.html.erb (0.9ms)
  Rendered /home/dawdler/.rvm/gems/ruby-2.1.2/gems/actionpack-4.2.6/lib/action_dispatch/middleware/templates/routes/_table.html.erb (6.3ms)
  Rendered /home/dawdler/.rvm/gems/ruby-2.1.2/gems/actionpack-4.2.6/lib/action_dispatch/middleware/templates/rescues/_request_and_response.html.erb (0.9ms)
  Rendered /home/dawdler/.rvm/gems/ruby-2.1.2/gems/actionpack-4.2.6/lib/action_dispatch/middleware/templates/rescues/routing_error.html.erb within rescues/layout (29.4ms)
  Rendered /home/dawdler/.rvm/gems/ruby-2.1.2/gems/web-console-2.3.0/lib/web_console/templates/_markup.html.erb (0.3ms)
  Rendered /home/dawdler/.rvm/gems/ruby-2.1.2/gems/web-console-2.3.0/lib/web_console/templates/_inner_console_markup.html.erb within layouts/inlined_string (0.2ms)
  Rendered /home/dawdler/.rvm/gems/ruby-2.1.2/gems/web-console-2.3.0/lib/web_console/templates/_prompt_box_markup.html.erb within layouts/inlined_string (0.2ms)
  Rendered /home/dawdler/.rvm/gems/ruby-2.1.2/gems/web-console-2.3.0/lib/web_console/templates/style.css.erb within layouts/inlined_string (0.3ms)
  Rendered /home/dawdler/.rvm/gems/ruby-2.1.2/gems/web-console-2.3.0/lib/web_console/templates/console.js.erb within layouts/javascript (35.7ms)
  Rendered /home/dawdler/.rvm/gems/ruby-2.1.2/gems/web-console-2.3.0/lib/web_console/templates/main.js.erb within layouts/javascript (0.2ms)
  Rendered /home/dawdler/.rvm/gems/ruby-2.1.2/gems/web-console-2.3.0/lib/web_console/templates/error_page.js.erb within layouts/javascript (0.3ms)
  Rendered /home/dawdler/.rvm/gems/ruby-2.1.2/gems/web-console-2.3.0/lib/web_console/templates/index.html.erb (49.4ms)


Started GET "/" for 127.0.0.1 at 2016-05-23 00:47:49 +0530
  [1m[36mActiveRecord::SchemaMigration Load (0.2ms)[0m  [1mSELECT "schema_migrations".* FROM "schema_migrations"[0m
Processing by Rails::WelcomeController#index as HTML
  Rendered /home/dawdler/.rvm/gems/ruby-2.1.2/gems/railties-4.2.6/lib/rails/templates/rails/welcome/index.html.erb (1.1ms)
Completed 200 OK in 14ms (Views: 6.6ms | ActiveRecord: 0.0ms)


Started GET "/" for 127.0.0.1 at 2016-05-23 00:47:53 +0530
Processing by Rails::WelcomeController#index as HTML
  Rendered /home/dawdler/.rvm/gems/ruby-2.1.2/gems/railties-4.2.6/lib/rails/templates/rails/welcome/index.html.erb (0.1ms)
Completed 200 OK in 2ms (Views: 1.3ms | ActiveRecord: 0.0ms)
  [1m[36mPoint Load (1.1ms)[0m  [1mSELECT "points".* FROM "points"[0m


Started GET "/points.json" for 127.0.0.1 at 2016-05-23 00:49:41 +0530
Processing by PointsController#index as JSON
  [1m[35mPoint Load (0.3ms)[0m  SELECT "points".* FROM "points"
Completed 200 OK in 12ms (Views: 9.6ms | ActiveRecord: 0.8ms)


Started GET "/" for 127.0.0.1 at 2016-05-23 00:50:00 +0530
Processing by Rails::WelcomeController#index as HTML
  Rendered /home/dawdler/.rvm/gems/ruby-2.1.2/gems/railties-4.2.6/lib/rails/templates/rails/welcome/index.html.erb (0.2ms)
Completed 200 OK in 4ms (Views: 3.5ms | ActiveRecord: 0.0ms)
  [1m[36mPoint Load (0.1ms)[0m  [1mSELECT  "points".* FROM "points"  ORDER BY "points"."id" ASC LIMIT 1[0m


Started GET "/points" for 127.0.0.1 at 2016-05-23 11:54:36 +0530
  [1m[36mActiveRecord::SchemaMigration Load (0.1ms)[0m  [1mSELECT "schema_migrations".* FROM "schema_migrations"[0m
Processing by PointsController#index as */*
  [1m[35mPoint Load (0.1ms)[0m  SELECT "points".* FROM "points"
Completed 200 OK in 12ms (Views: 3.7ms | ActiveRecord: 0.3ms)


Started GET "/points" for 127.0.0.1 at 2016-05-23 11:54:46 +0530
Processing by PointsController#index as */*
  [1m[36mPoint Load (0.1ms)[0m  [1mSELECT "points".* FROM "points"[0m
Completed 200 OK in 1ms (Views: 0.7ms | ActiveRecord: 0.1ms)


Started GET "/points" for 127.0.0.1 at 2016-05-23 11:56:49 +0530
  [1m[36mActiveRecord::SchemaMigration Load (0.1ms)[0m  [1mSELECT "schema_migrations".* FROM "schema_migrations"[0m
Processing by PointsController#index as */*
  [1m[35mPoint Load (0.1ms)[0m  SELECT "points".* FROM "points"
Completed 200 OK in 12ms (Views: 3.8ms | ActiveRecord: 0.5ms)


Started GET "/points" for 127.0.0.1 at 2016-05-23 12:14:36 +0530
Processing by PointsController#index as */*
  [1m[36mPoint Load (0.2ms)[0m  [1mSELECT "points".* FROM "points"[0m
Completed 200 OK in 6ms (Views: 4.2ms | ActiveRecord: 0.7ms)


Started GET "/points" for 127.0.0.1 at 2016-05-23 12:14:41 +0530
Processing by PointsController#index as HTML
  [1m[35mPoint Load (0.1ms)[0m  SELECT "points".* FROM "points"
Completed 200 OK in 3ms (Views: 1.2ms | ActiveRecord: 0.1ms)


Started GET "/points" for 127.0.0.1 at 2016-05-23 12:17:01 +0530
Processing by PointsController#index as HTML
  [1m[36mPoint Load (0.2ms)[0m  [1mSELECT "points".* FROM "points"[0m
Completed 200 OK in 1ms (Views: 0.9ms | ActiveRecord: 0.2ms)


Started GET "/points" for 127.0.0.1 at 2016-05-23 12:18:01 +0530
Processing by PointsController#index as */*
  [1m[35mPoint Load (0.4ms)[0m  SELECT "points".* FROM "points"
Completed 200 OK in 3ms (Views: 2.4ms | ActiveRecord: 0.4ms)


Started GET "/points" for 127.0.0.1 at 2016-05-23 12:19:04 +0530
Processing by PointsController#index as */*
  [1m[36mPoint Load (0.2ms)[0m  [1mSELECT "points".* FROM "points"[0m
Completed 200 OK in 2ms (Views: 1.0ms | ActiveRecord: 0.2ms)


Started GET "/points" for 192.168.1.105 at 2016-05-23 12:22:23 +0530
Cannot render console from 192.168.1.105! Allowed networks: 127.0.0.1, ::1, 127.0.0.0/127.255.255.255
  [1m[36mActiveRecord::SchemaMigration Load (0.1ms)[0m  [1mSELECT "schema_migrations".* FROM "schema_migrations"[0m
Processing by PointsController#index as */*
  [1m[35mPoint Load (0.1ms)[0m  SELECT "points".* FROM "points"
Completed 200 OK in 12ms (Views: 3.7ms | ActiveRecord: 0.3ms)


Started GET "/points" for 192.168.1.105 at 2016-05-23 12:22:34 +0530
Cannot render console from 192.168.1.105! Allowed networks: 127.0.0.1, ::1, 127.0.0.0/127.255.255.255
Processing by PointsController#index as */*
  [1m[36mPoint Load (0.3ms)[0m  [1mSELECT "points".* FROM "points"[0m
Completed 200 OK in 2ms (Views: 1.5ms | ActiveRecord: 0.3ms)


Started GET "/points" for 192.168.1.105 at 2016-05-23 12:34:07 +0530
Cannot render console from 192.168.1.105! Allowed networks: 127.0.0.1, ::1, 127.0.0.0/127.255.255.255
Processing by PointsController#index as HTML
  [1m[35mPoint Load (0.2ms)[0m  SELECT "points".* FROM "points"
Completed 200 OK in 2ms (Views: 1.4ms | ActiveRecord: 0.2ms)


Started GET "/points" for 192.168.1.105 at 2016-05-23 12:39:44 +0530
Cannot render console from 192.168.1.105! Allowed networks: 127.0.0.1, ::1, 127.0.0.0/127.255.255.255
Processing by PointsController#index as HTML
  [1m[36mPoint Load (0.2ms)[0m  [1mSELECT "points".* FROM "points"[0m
Completed 200 OK in 2ms (Views: 1.0ms | ActiveRecord: 0.2ms)


Started OPTIONS "/api/v1/activity_feeds?page=1&type=activityFeeds&lat=28.6161456&lng=77.39080369999999&radius=undefined" for 192.168.1.107 at 2016-05-23 12:40:03 +0530
Cannot render console from 192.168.1.107! Allowed networks: 127.0.0.1, ::1, 127.0.0.0/127.255.255.255

ActionController::RoutingError (No route matches [OPTIONS] "/api/v1/activity_feeds"):
  actionpack (4.2.6) lib/action_dispatch/middleware/debug_exceptions.rb:21:in `call'
  web-console (2.3.0) lib/web_console/middleware.rb:20:in `block in call'
  web-console (2.3.0) lib/web_console/middleware.rb:18:in `catch'
  web-console (2.3.0) lib/web_console/middleware.rb:18:in `call'
  actionpack (4.2.6) lib/action_dispatch/middleware/show_exceptions.rb:30:in `call'
  railties (4.2.6) lib/rails/rack/logger.rb:38:in `call_app'
  railties (4.2.6) lib/rails/rack/logger.rb:20:in `block in call'
  activesupport (4.2.6) lib/active_support/tagged_logging.rb:68:in `block in tagged'
  activesupport (4.2.6) lib/active_support/tagged_logging.rb:26:in `tagged'
  activesupport (4.2.6) lib/active_support/tagged_logging.rb:68:in `tagged'
  railties (4.2.6) lib/rails/rack/logger.rb:20:in `call'
  actionpack (4.2.6) lib/action_dispatch/middleware/request_id.rb:21:in `call'
  rack (1.6.4) lib/rack/methodoverride.rb:22:in `call'
  rack (1.6.4) lib/rack/runtime.rb:18:in `call'
  activesupport (4.2.6) lib/active_support/cache/strategy/local_cache_middleware.rb:28:in `call'
  rack (1.6.4) lib/rack/lock.rb:17:in `call'
  actionpack (4.2.6) lib/action_dispatch/middleware/static.rb:120:in `call'
  rack (1.6.4) lib/rack/sendfile.rb:113:in `call'
  railties (4.2.6) lib/rails/engine.rb:518:in `call'
  railties (4.2.6) lib/rails/application.rb:165:in `call'
  rack (1.6.4) lib/rack/lock.rb:17:in `call'
  rack (1.6.4) lib/rack/content_length.rb:15:in `call'
  rack (1.6.4) lib/rack/handler/webrick.rb:88:in `service'
  /usr/share/rvm/rubies/ruby-2.1.2/lib/ruby/2.1.0/webrick/httpserver.rb:138:in `service'
  /usr/share/rvm/rubies/ruby-2.1.2/lib/ruby/2.1.0/webrick/httpserver.rb:94:in `run'
  /usr/share/rvm/rubies/ruby-2.1.2/lib/ruby/2.1.0/webrick/server.rb:295:in `block in start_thread'


  Rendered /home/dawdler/.rvm/gems/ruby-2.1.2/gems/actionpack-4.2.6/lib/action_dispatch/middleware/templates/rescues/_trace.html.erb (1.3ms)
  Rendered /home/dawdler/.rvm/gems/ruby-2.1.2/gems/actionpack-4.2.6/lib/action_dispatch/middleware/templates/routes/_route.html.erb (0.8ms)
  Rendered /home/dawdler/.rvm/gems/ruby-2.1.2/gems/actionpack-4.2.6/lib/action_dispatch/middleware/templates/routes/_table.html.erb (6.7ms)
  Rendered /home/dawdler/.rvm/gems/ruby-2.1.2/gems/actionpack-4.2.6/lib/action_dispatch/middleware/templates/rescues/_request_and_response.html.erb (1.2ms)
  Rendered /home/dawdler/.rvm/gems/ruby-2.1.2/gems/actionpack-4.2.6/lib/action_dispatch/middleware/templates/rescues/routing_error.html.erb within rescues/layout (51.8ms)


Started OPTIONS "/api/v1/users/logged_in" for 192.168.1.107 at 2016-05-23 12:40:03 +0530
Cannot render console from 192.168.1.107! Allowed networks: 127.0.0.1, ::1, 127.0.0.0/127.255.255.255

ActionController::RoutingError (No route matches [OPTIONS] "/api/v1/users/logged_in"):
  actionpack (4.2.6) lib/action_dispatch/middleware/debug_exceptions.rb:21:in `call'
  web-console (2.3.0) lib/web_console/middleware.rb:20:in `block in call'
  web-console (2.3.0) lib/web_console/middleware.rb:18:in `catch'
  web-console (2.3.0) lib/web_console/middleware.rb:18:in `call'
  actionpack (4.2.6) lib/action_dispatch/middleware/show_exceptions.rb:30:in `call'
  railties (4.2.6) lib/rails/rack/logger.rb:38:in `call_app'
  railties (4.2.6) lib/rails/rack/logger.rb:20:in `block in call'
  activesupport (4.2.6) lib/active_support/tagged_logging.rb:68:in `block in tagged'
  activesupport (4.2.6) lib/active_support/tagged_logging.rb:26:in `tagged'
  activesupport (4.2.6) lib/active_support/tagged_logging.rb:68:in `tagged'
  railties (4.2.6) lib/rails/rack/logger.rb:20:in `call'
  actionpack (4.2.6) lib/action_dispatch/middleware/request_id.rb:21:in `call'
  rack (1.6.4) lib/rack/methodoverride.rb:22:in `call'
  rack (1.6.4) lib/rack/runtime.rb:18:in `call'
  activesupport (4.2.6) lib/active_support/cache/strategy/local_cache_middleware.rb:28:in `call'
  rack (1.6.4) lib/rack/lock.rb:17:in `call'
  actionpack (4.2.6) lib/action_dispatch/middleware/static.rb:120:in `call'
  rack (1.6.4) lib/rack/sendfile.rb:113:in `call'
  railties (4.2.6) lib/rails/engine.rb:518:in `call'
  railties (4.2.6) lib/rails/application.rb:165:in `call'
  rack (1.6.4) lib/rack/lock.rb:17:in `call'
  rack (1.6.4) lib/rack/content_length.rb:15:in `call'
  rack (1.6.4) lib/rack/handler/webrick.rb:88:in `service'
  /usr/share/rvm/rubies/ruby-2.1.2/lib/ruby/2.1.0/webrick/httpserver.rb:138:in `service'
  /usr/share/rvm/rubies/ruby-2.1.2/lib/ruby/2.1.0/webrick/httpserver.rb:94:in `run'
  /usr/share/rvm/rubies/ruby-2.1.2/lib/ruby/2.1.0/webrick/server.rb:295:in `block in start_thread'


  Rendered /home/dawdler/.rvm/gems/ruby-2.1.2/gems/actionpack-4.2.6/lib/action_dispatch/middleware/templates/rescues/_trace.html.erb (1.0ms)
  Rendered /home/dawdler/.rvm/gems/ruby-2.1.2/gems/actionpack-4.2.6/lib/action_dispatch/middleware/templates/routes/_route.html.erb (0.7ms)
  Rendered /home/dawdler/.rvm/gems/ruby-2.1.2/gems/actionpack-4.2.6/lib/action_dispatch/middleware/templates/routes/_table.html.erb (0.9ms)
  Rendered /home/dawdler/.rvm/gems/ruby-2.1.2/gems/actionpack-4.2.6/lib/action_dispatch/middleware/templates/rescues/_request_and_response.html.erb (0.8ms)
  Rendered /home/dawdler/.rvm/gems/ruby-2.1.2/gems/actionpack-4.2.6/lib/action_dispatch/middleware/templates/rescues/routing_error.html.erb within rescues/layout (15.6ms)


Started OPTIONS "/api/v1/adv_search.json?search_string=&type=playspaces&lat=28.6161456&lng=77.39080369999999&radius=undefined&page=1&is_current_location=false" for 192.168.1.107 at 2016-05-23 12:40:04 +0530
Cannot render console from 192.168.1.107! Allowed networks: 127.0.0.1, ::1, 127.0.0.0/127.255.255.255

ActionController::RoutingError (No route matches [OPTIONS] "/api/v1/adv_search.json"):
  actionpack (4.2.6) lib/action_dispatch/middleware/debug_exceptions.rb:21:in `call'
  web-console (2.3.0) lib/web_console/middleware.rb:20:in `block in call'
  web-console (2.3.0) lib/web_console/middleware.rb:18:in `catch'
  web-console (2.3.0) lib/web_console/middleware.rb:18:in `call'
  actionpack (4.2.6) lib/action_dispatch/middleware/show_exceptions.rb:30:in `call'
  railties (4.2.6) lib/rails/rack/logger.rb:38:in `call_app'
  railties (4.2.6) lib/rails/rack/logger.rb:20:in `block in call'
  activesupport (4.2.6) lib/active_support/tagged_logging.rb:68:in `block in tagged'
  activesupport (4.2.6) lib/active_support/tagged_logging.rb:26:in `tagged'
  activesupport (4.2.6) lib/active_support/tagged_logging.rb:68:in `tagged'
  railties (4.2.6) lib/rails/rack/logger.rb:20:in `call'
  actionpack (4.2.6) lib/action_dispatch/middleware/request_id.rb:21:in `call'
  rack (1.6.4) lib/rack/methodoverride.rb:22:in `call'
  rack (1.6.4) lib/rack/runtime.rb:18:in `call'
  activesupport (4.2.6) lib/active_support/cache/strategy/local_cache_middleware.rb:28:in `call'
  rack (1.6.4) lib/rack/lock.rb:17:in `call'
  actionpack (4.2.6) lib/action_dispatch/middleware/static.rb:120:in `call'
  rack (1.6.4) lib/rack/sendfile.rb:113:in `call'
  railties (4.2.6) lib/rails/engine.rb:518:in `call'
  railties (4.2.6) lib/rails/application.rb:165:in `call'
  rack (1.6.4) lib/rack/lock.rb:17:in `call'
  rack (1.6.4) lib/rack/content_length.rb:15:in `call'
  rack (1.6.4) lib/rack/handler/webrick.rb:88:in `service'
  /usr/share/rvm/rubies/ruby-2.1.2/lib/ruby/2.1.0/webrick/httpserver.rb:138:in `service'
  /usr/share/rvm/rubies/ruby-2.1.2/lib/ruby/2.1.0/webrick/httpserver.rb:94:in `run'
  /usr/share/rvm/rubies/ruby-2.1.2/lib/ruby/2.1.0/webrick/server.rb:295:in `block in start_thread'


  Rendered /home/dawdler/.rvm/gems/ruby-2.1.2/gems/actionpack-4.2.6/lib/action_dispatch/middleware/templates/rescues/_trace.html.erb (1.0ms)
  Rendered /home/dawdler/.rvm/gems/ruby-2.1.2/gems/actionpack-4.2.6/lib/action_dispatch/middleware/templates/routes/_route.html.erb (0.8ms)
  Rendered /home/dawdler/.rvm/gems/ruby-2.1.2/gems/actionpack-4.2.6/lib/action_dispatch/middleware/templates/routes/_table.html.erb (1.0ms)
  Rendered /home/dawdler/.rvm/gems/ruby-2.1.2/gems/actionpack-4.2.6/lib/action_dispatch/middleware/templates/rescues/_request_and_response.html.erb (1.2ms)
  Rendered /home/dawdler/.rvm/gems/ruby-2.1.2/gems/actionpack-4.2.6/lib/action_dispatch/middleware/templates/rescues/routing_error.html.erb within rescues/layout (17.6ms)


Started GET "/points" for 127.0.0.1 at 2016-05-23 12:47:40 +0530
  [1m[36mActiveRecord::SchemaMigration Load (0.1ms)[0m  [1mSELECT "schema_migrations".* FROM "schema_migrations"[0m
Processing by PointsController#index as */*
  [1m[35mPoint Load (0.1ms)[0m  SELECT "points".* FROM "points"
Completed 200 OK in 11ms (Views: 3.5ms | ActiveRecord: 0.3ms)


Started GET "/points" for 192.168.1.105 at 2016-05-23 12:48:02 +0530
Cannot render console from 192.168.1.105! Allowed networks: 127.0.0.1, ::1, 127.0.0.0/127.255.255.255
Processing by PointsController#index as HTML
  [1m[36mPoint Load (0.8ms)[0m  [1mSELECT "points".* FROM "points"[0m
Completed 200 OK in 5ms (Views: 3.3ms | ActiveRecord: 0.8ms)


Started GET "/points" for 192.168.1.105 at 2016-05-23 12:52:07 +0530
Cannot render console from 192.168.1.105! Allowed networks: 127.0.0.1, ::1, 127.0.0.0/127.255.255.255
  [1m[36mActiveRecord::SchemaMigration Load (0.1ms)[0m  [1mSELECT "schema_migrations".* FROM "schema_migrations"[0m
Processing by PointsController#index as HTML
  [1m[35mPoint Load (0.1ms)[0m  SELECT "points".* FROM "points"
Completed 200 OK in 11ms (Views: 3.3ms | ActiveRecord: 0.3ms)


Started GET "/points" for 192.168.1.105 at 2016-05-23 12:59:55 +0530
Cannot render console from 192.168.1.105! Allowed networks: 127.0.0.1, ::1, 127.0.0.0/127.255.255.255
Processing by PointsController#index as HTML
  [1m[36mPoint Load (0.2ms)[0m  [1mSELECT "points".* FROM "points"[0m
Completed 200 OK in 1ms (Views: 0.9ms | ActiveRecord: 0.2ms)


Started GET "/points" for 192.168.1.105 at 2016-05-23 13:11:55 +0530
Cannot render console from 192.168.1.105! Allowed networks: 127.0.0.1, ::1, 127.0.0.0/127.255.255.255
Processing by PointsController#index as HTML
  [1m[35mPoint Load (0.2ms)[0m  SELECT "points".* FROM "points"
Completed 200 OK in 1ms (Views: 0.9ms | ActiveRecord: 0.2ms)


Started GET "/points" for 192.168.1.105 at 2016-05-23 13:12:24 +0530
Cannot render console from 192.168.1.105! Allowed networks: 127.0.0.1, ::1, 127.0.0.0/127.255.255.255
Processing by PointsController#index as HTML
  [1m[36mPoint Load (0.2ms)[0m  [1mSELECT "points".* FROM "points"[0m
Completed 200 OK in 1ms (Views: 0.8ms | ActiveRecord: 0.2ms)


Started GET "/points" for 192.168.1.105 at 2016-05-23 13:13:08 +0530
Cannot render console from 192.168.1.105! Allowed networks: 127.0.0.1, ::1, 127.0.0.0/127.255.255.255
Processing by PointsController#index as HTML
  [1m[35mPoint Load (0.1ms)[0m  SELECT "points".* FROM "points"
Completed 200 OK in 1ms (Views: 0.8ms | ActiveRecord: 0.1ms)


Started GET "/points" for 192.168.1.105 at 2016-05-23 13:13:27 +0530
Cannot render console from 192.168.1.105! Allowed networks: 127.0.0.1, ::1, 127.0.0.0/127.255.255.255
Processing by PointsController#index as HTML
  [1m[36mPoint Load (0.2ms)[0m  [1mSELECT "points".* FROM "points"[0m
Completed 200 OK in 1ms (Views: 0.8ms | ActiveRecord: 0.2ms)


Started GET "/points" for 192.168.1.105 at 2016-05-23 13:13:37 +0530
Cannot render console from 192.168.1.105! Allowed networks: 127.0.0.1, ::1, 127.0.0.0/127.255.255.255
Processing by PointsController#index as HTML
  [1m[35mPoint Load (0.2ms)[0m  SELECT "points".* FROM "points"
Completed 200 OK in 2ms (Views: 1.0ms | ActiveRecord: 0.2ms)


Started GET "/points" for 192.168.1.105 at 2016-05-23 13:14:59 +0530
Cannot render console from 192.168.1.105! Allowed networks: 127.0.0.1, ::1, 127.0.0.0/127.255.255.255
Processing by PointsController#index as HTML
  [1m[36mPoint Load (0.1ms)[0m  [1mSELECT "points".* FROM "points"[0m
Completed 200 OK in 2ms (Views: 1.7ms | ActiveRecord: 0.1ms)


Started GET "/points" for 192.168.1.105 at 2016-05-23 13:15:15 +0530
Cannot render console from 192.168.1.105! Allowed networks: 127.0.0.1, ::1, 127.0.0.0/127.255.255.255
Processing by PointsController#index as HTML
  [1m[35mPoint Load (0.2ms)[0m  SELECT "points".* FROM "points"
Completed 200 OK in 2ms (Views: 0.9ms | ActiveRecord: 0.2ms)


Started GET "/points" for 192.168.1.105 at 2016-05-23 13:18:44 +0530
Cannot render console from 192.168.1.105! Allowed networks: 127.0.0.1, ::1, 127.0.0.0/127.255.255.255
Processing by PointsController#index as HTML
  [1m[36mPoint Load (0.2ms)[0m  [1mSELECT "points".* FROM "points"[0m
Completed 200 OK in 1ms (Views: 0.8ms | ActiveRecord: 0.2ms)


Started GET "/points" for 192.168.1.105 at 2016-05-23 13:19:49 +0530
Cannot render console from 192.168.1.105! Allowed networks: 127.0.0.1, ::1, 127.0.0.0/127.255.255.255
Processing by PointsController#index as HTML
  [1m[35mPoint Load (0.2ms)[0m  SELECT "points".* FROM "points"
Completed 200 OK in 1ms (Views: 0.9ms | ActiveRecord: 0.2ms)


Started GET "/points" for 192.168.1.105 at 2016-05-23 13:23:59 +0530
Cannot render console from 192.168.1.105! Allowed networks: 127.0.0.1, ::1, 127.0.0.0/127.255.255.255
Processing by PointsController#index as HTML
  [1m[36mPoint Load (0.2ms)[0m  [1mSELECT "points".* FROM "points"[0m
Completed 200 OK in 1ms (Views: 1.0ms | ActiveRecord: 0.2ms)


Started GET "/points" for 192.168.1.105 at 2016-05-23 13:34:56 +0530
Cannot render console from 192.168.1.105! Allowed networks: 127.0.0.1, ::1, 127.0.0.0/127.255.255.255
Processing by PointsController#index as HTML
  [1m[35mPoint Load (0.2ms)[0m  SELECT "points".* FROM "points"
Completed 200 OK in 1ms (Views: 0.9ms | ActiveRecord: 0.2ms)


Started GET "/points" for 192.168.1.105 at 2016-05-23 13:35:09 +0530
Cannot render console from 192.168.1.105! Allowed networks: 127.0.0.1, ::1, 127.0.0.0/127.255.255.255
Processing by PointsController#index as HTML
  [1m[36mPoint Load (0.2ms)[0m  [1mSELECT "points".* FROM "points"[0m
Completed 200 OK in 3ms (Views: 1.9ms | ActiveRecord: 0.2ms)


Started GET "/points" for 192.168.1.105 at 2016-05-23 13:35:33 +0530
Cannot render console from 192.168.1.105! Allowed networks: 127.0.0.1, ::1, 127.0.0.0/127.255.255.255
Processing by PointsController#index as HTML
  [1m[35mPoint Load (0.3ms)[0m  SELECT "points".* FROM "points"
Completed 200 OK in 5ms (Views: 3.7ms | ActiveRecord: 0.3ms)


Started GET "/points" for 192.168.1.105 at 2016-05-23 13:42:57 +0530
Cannot render console from 192.168.1.105! Allowed networks: 127.0.0.1, ::1, 127.0.0.0/127.255.255.255
Processing by PointsController#index as HTML
  [1m[36mPoint Load (0.1ms)[0m  [1mSELECT "points".* FROM "points"[0m
Completed 200 OK in 2ms (Views: 1.3ms | ActiveRecord: 0.1ms)


Started GET "/points" for 192.168.1.105 at 2016-05-23 13:46:07 +0530
Cannot render console from 192.168.1.105! Allowed networks: 127.0.0.1, ::1, 127.0.0.0/127.255.255.255
Processing by PointsController#index as HTML
  [1m[35mPoint Load (0.2ms)[0m  SELECT "points".* FROM "points"
Completed 200 OK in 2ms (Views: 1.1ms | ActiveRecord: 0.2ms)


Started GET "/points" for 192.168.1.105 at 2016-05-23 13:47:33 +0530
Cannot render console from 192.168.1.105! Allowed networks: 127.0.0.1, ::1, 127.0.0.0/127.255.255.255
Processing by PointsController#index as HTML
  [1m[36mPoint Load (0.1ms)[0m  [1mSELECT "points".* FROM "points"[0m
Completed 200 OK in 1ms (Views: 0.6ms | ActiveRecord: 0.1ms)


Started GET "/points" for 192.168.1.105 at 2016-05-23 13:48:34 +0530
Cannot render console from 192.168.1.105! Allowed networks: 127.0.0.1, ::1, 127.0.0.0/127.255.255.255
Processing by PointsController#index as HTML
  [1m[35mPoint Load (0.2ms)[0m  SELECT "points".* FROM "points"
Completed 200 OK in 1ms (Views: 0.8ms | ActiveRecord: 0.2ms)


Started GET "/points" for 192.168.1.105 at 2016-05-23 13:49:50 +0530
Cannot render console from 192.168.1.105! Allowed networks: 127.0.0.1, ::1, 127.0.0.0/127.255.255.255
  [1m[36mActiveRecord::SchemaMigration Load (0.1ms)[0m  [1mSELECT "schema_migrations".* FROM "schema_migrations"[0m
Processing by PointsController#index as HTML
  [1m[35mPoint Load (0.2ms)[0m  SELECT "points".* FROM "points"
Completed 200 OK in 17ms (Views: 7.8ms | ActiveRecord: 0.5ms)


Started GET "/points" for 192.168.1.105 at 2016-05-23 14:15:23 +0530
Cannot render console from 192.168.1.105! Allowed networks: 127.0.0.1, ::1, 127.0.0.0/127.255.255.255
Processing by PointsController#index as HTML
  [1m[36mPoint Load (0.2ms)[0m  [1mSELECT "points".* FROM "points"[0m
Completed 200 OK in 2ms (Views: 1.0ms | ActiveRecord: 0.2ms)


Started GET "/points" for 192.168.1.105 at 2016-05-23 14:16:01 +0530
Cannot render console from 192.168.1.105! Allowed networks: 127.0.0.1, ::1, 127.0.0.0/127.255.255.255
Processing by PointsController#index as HTML
  [1m[35mPoint Load (0.2ms)[0m  SELECT "points".* FROM "points"
Completed 200 OK in 2ms (Views: 1.1ms | ActiveRecord: 0.2ms)


Started GET "/points" for 192.168.1.105 at 2016-05-23 14:16:05 +0530
Cannot render console from 192.168.1.105! Allowed networks: 127.0.0.1, ::1, 127.0.0.0/127.255.255.255
Processing by PointsController#index as HTML
  [1m[36mPoint Load (0.2ms)[0m  [1mSELECT "points".* FROM "points"[0m
Completed 200 OK in 3ms (Views: 1.8ms | ActiveRecord: 0.2ms)


Started GET "/points" for 192.168.1.105 at 2016-05-23 14:16:05 +0530
Cannot render console from 192.168.1.105! Allowed networks: 127.0.0.1, ::1, 127.0.0.0/127.255.255.255
Processing by PointsController#index as HTML
  [1m[35mPoint Load (0.1ms)[0m  SELECT "points".* FROM "points"
Completed 200 OK in 1ms (Views: 0.6ms | ActiveRecord: 0.1ms)


Started GET "/points" for 192.168.1.105 at 2016-05-23 14:16:05 +0530
Cannot render console from 192.168.1.105! Allowed networks: 127.0.0.1, ::1, 127.0.0.0/127.255.255.255
Processing by PointsController#index as HTML
  [1m[36mPoint Load (0.1ms)[0m  [1mSELECT "points".* FROM "points"[0m
Completed 200 OK in 1ms (Views: 0.9ms | ActiveRecord: 0.1ms)


Started GET "/points" for 192.168.1.105 at 2016-05-23 14:16:06 +0530
Cannot render console from 192.168.1.105! Allowed networks: 127.0.0.1, ::1, 127.0.0.0/127.255.255.255
Processing by PointsController#index as HTML
  [1m[35mPoint Load (0.2ms)[0m  SELECT "points".* FROM "points"
Completed 200 OK in 2ms (Views: 1.2ms | ActiveRecord: 0.2ms)


Started GET "/points" for 192.168.1.105 at 2016-05-23 14:16:06 +0530
Cannot render console from 192.168.1.105! Allowed networks: 127.0.0.1, ::1, 127.0.0.0/127.255.255.255
Processing by PointsController#index as HTML
  [1m[36mPoint Load (0.3ms)[0m  [1mSELECT "points".* FROM "points"[0m
Completed 200 OK in 2ms (Views: 1.3ms | ActiveRecord: 0.3ms)


Started GET "/points" for 192.168.1.105 at 2016-05-23 14:16:06 +0530
Cannot render console from 192.168.1.105! Allowed networks: 127.0.0.1, ::1, 127.0.0.0/127.255.255.255
Processing by PointsController#index as HTML
  [1m[35mPoint Load (0.2ms)[0m  SELECT "points".* FROM "points"
Completed 200 OK in 2ms (Views: 0.9ms | ActiveRecord: 0.2ms)


Started GET "/points" for 192.168.1.105 at 2016-05-23 14:16:06 +0530
Cannot render console from 192.168.1.105! Allowed networks: 127.0.0.1, ::1, 127.0.0.0/127.255.255.255
Processing by PointsController#index as HTML
  [1m[36mPoint Load (0.2ms)[0m  [1mSELECT "points".* FROM "points"[0m
Completed 200 OK in 2ms (Views: 1.1ms | ActiveRecord: 0.2ms)


Started GET "/points" for 192.168.1.105 at 2016-05-23 14:16:06 +0530
Cannot render console from 192.168.1.105! Allowed networks: 127.0.0.1, ::1, 127.0.0.0/127.255.255.255
Processing by PointsController#index as HTML
  [1m[35mPoint Load (0.2ms)[0m  SELECT "points".* FROM "points"
Completed 200 OK in 1ms (Views: 0.7ms | ActiveRecord: 0.2ms)


Started GET "/points" for 192.168.1.105 at 2016-05-23 14:16:07 +0530
Cannot render console from 192.168.1.105! Allowed networks: 127.0.0.1, ::1, 127.0.0.0/127.255.255.255
Processing by PointsController#index as HTML
  [1m[36mPoint Load (0.1ms)[0m  [1mSELECT "points".* FROM "points"[0m
Completed 200 OK in 1ms (Views: 0.5ms | ActiveRecord: 0.1ms)


Started GET "/points" for 192.168.1.105 at 2016-05-23 14:16:07 +0530
Cannot render console from 192.168.1.105! Allowed networks: 127.0.0.1, ::1, 127.0.0.0/127.255.255.255
Processing by PointsController#index as HTML
  [1m[35mPoint Load (0.2ms)[0m  SELECT "points".* FROM "points"
Completed 200 OK in 2ms (Views: 1.2ms | ActiveRecord: 0.2ms)


Started GET "/points" for 192.168.1.105 at 2016-05-23 14:16:07 +0530
Cannot render console from 192.168.1.105! Allowed networks: 127.0.0.1, ::1, 127.0.0.0/127.255.255.255
Processing by PointsController#index as HTML
  [1m[36mPoint Load (0.2ms)[0m  [1mSELECT "points".* FROM "points"[0m
Completed 200 OK in 1ms (Views: 0.9ms | ActiveRecord: 0.2ms)


Started GET "/points" for 192.168.1.105 at 2016-05-23 14:16:26 +0530
Cannot render console from 192.168.1.105! Allowed networks: 127.0.0.1, ::1, 127.0.0.0/127.255.255.255
Processing by PointsController#index as HTML
  [1m[35mPoint Load (0.2ms)[0m  SELECT "points".* FROM "points"
Completed 200 OK in 3ms (Views: 2.1ms | ActiveRecord: 0.2ms)


Started GET "/points" for 192.168.1.105 at 2016-05-23 14:18:15 +0530
Cannot render console from 192.168.1.105! Allowed networks: 127.0.0.1, ::1, 127.0.0.0/127.255.255.255
Processing by PointsController#index as HTML
  [1m[36mPoint Load (0.1ms)[0m  [1mSELECT "points".* FROM "points"[0m
Completed 200 OK in 3ms (Views: 2.0ms | ActiveRecord: 0.1ms)


Started GET "/points" for 192.168.1.105 at 2016-05-23 14:29:22 +0530
Cannot render console from 192.168.1.105! Allowed networks: 127.0.0.1, ::1, 127.0.0.0/127.255.255.255
Processing by PointsController#index as HTML
  [1m[35mPoint Load (0.2ms)[0m  SELECT "points".* FROM "points"
Completed 200 OK in 1ms (Views: 0.9ms | ActiveRecord: 0.2ms)


Started GET "/points" for 192.168.1.105 at 2016-05-23 14:29:33 +0530
Cannot render console from 192.168.1.105! Allowed networks: 127.0.0.1, ::1, 127.0.0.0/127.255.255.255
Processing by PointsController#index as HTML
  [1m[36mPoint Load (0.2ms)[0m  [1mSELECT "points".* FROM "points"[0m
Completed 200 OK in 2ms (Views: 1.2ms | ActiveRecord: 0.2ms)


Started GET "/points" for 192.168.1.105 at 2016-05-23 14:29:34 +0530
Cannot render console from 192.168.1.105! Allowed networks: 127.0.0.1, ::1, 127.0.0.0/127.255.255.255
Processing by PointsController#index as HTML
  [1m[35mPoint Load (0.4ms)[0m  SELECT "points".* FROM "points"
Completed 200 OK in 3ms (Views: 1.2ms | ActiveRecord: 0.4ms)


Started GET "/points" for 192.168.1.105 at 2016-05-23 14:29:34 +0530
Cannot render console from 192.168.1.105! Allowed networks: 127.0.0.1, ::1, 127.0.0.0/127.255.255.255
Processing by PointsController#index as HTML
  [1m[36mPoint Load (0.1ms)[0m  [1mSELECT "points".* FROM "points"[0m
Completed 200 OK in 1ms (Views: 0.7ms | ActiveRecord: 0.1ms)


Started GET "/points" for 192.168.1.105 at 2016-05-23 14:29:35 +0530
Cannot render console from 192.168.1.105! Allowed networks: 127.0.0.1, ::1, 127.0.0.0/127.255.255.255
Processing by PointsController#index as HTML
  [1m[35mPoint Load (0.2ms)[0m  SELECT "points".* FROM "points"
Completed 200 OK in 2ms (Views: 1.7ms | ActiveRecord: 0.2ms)


Started GET "/points" for 192.168.1.105 at 2016-05-23 14:29:35 +0530
Cannot render console from 192.168.1.105! Allowed networks: 127.0.0.1, ::1, 127.0.0.0/127.255.255.255
Processing by PointsController#index as HTML
  [1m[36mPoint Load (0.2ms)[0m  [1mSELECT "points".* FROM "points"[0m
Completed 200 OK in 1ms (Views: 0.9ms | ActiveRecord: 0.2ms)


Started GET "/points" for 192.168.1.105 at 2016-05-23 14:29:35 +0530
Cannot render console from 192.168.1.105! Allowed networks: 127.0.0.1, ::1, 127.0.0.0/127.255.255.255
Processing by PointsController#index as HTML
  [1m[35mPoint Load (0.2ms)[0m  SELECT "points".* FROM "points"
Completed 200 OK in 2ms (Views: 1.4ms | ActiveRecord: 0.2ms)


Started GET "/points" for 192.168.1.105 at 2016-05-23 14:29:35 +0530
Cannot render console from 192.168.1.105! Allowed networks: 127.0.0.1, ::1, 127.0.0.0/127.255.255.255
Processing by PointsController#index as HTML
  [1m[36mPoint Load (0.1ms)[0m  [1mSELECT "points".* FROM "points"[0m
Completed 200 OK in 1ms (Views: 0.7ms | ActiveRecord: 0.1ms)


Started GET "/points" for 192.168.1.105 at 2016-05-23 14:29:35 +0530
Cannot render console from 192.168.1.105! Allowed networks: 127.0.0.1, ::1, 127.0.0.0/127.255.255.255
Processing by PointsController#index as HTML
  [1m[35mPoint Load (0.2ms)[0m  SELECT "points".* FROM "points"
Completed 200 OK in 2ms (Views: 1.2ms | ActiveRecord: 0.2ms)


Started GET "/points" for 192.168.1.105 at 2016-05-23 14:29:36 +0530
Cannot render console from 192.168.1.105! Allowed networks: 127.0.0.1, ::1, 127.0.0.0/127.255.255.255
Processing by PointsController#index as HTML
  [1m[36mPoint Load (0.2ms)[0m  [1mSELECT "points".* FROM "points"[0m
Completed 200 OK in 1ms (Views: 0.8ms | ActiveRecord: 0.2ms)


Started GET "/points" for 192.168.1.105 at 2016-05-23 14:29:36 +0530
Cannot render console from 192.168.1.105! Allowed networks: 127.0.0.1, ::1, 127.0.0.0/127.255.255.255
Processing by PointsController#index as HTML
  [1m[35mPoint Load (0.5ms)[0m  SELECT "points".* FROM "points"
Completed 200 OK in 5ms (Views: 3.2ms | ActiveRecord: 0.5ms)


Started GET "/points" for 192.168.1.105 at 2016-05-23 14:29:36 +0530
Cannot render console from 192.168.1.105! Allowed networks: 127.0.0.1, ::1, 127.0.0.0/127.255.255.255
Processing by PointsController#index as HTML
  [1m[36mPoint Load (0.1ms)[0m  [1mSELECT "points".* FROM "points"[0m
Completed 200 OK in 1ms (Views: 0.7ms | ActiveRecord: 0.1ms)


Started GET "/points" for 192.168.1.105 at 2016-05-23 14:29:36 +0530
Cannot render console from 192.168.1.105! Allowed networks: 127.0.0.1, ::1, 127.0.0.0/127.255.255.255
Processing by PointsController#index as HTML
  [1m[35mPoint Load (0.4ms)[0m  SELECT "points".* FROM "points"
Completed 200 OK in 4ms (Views: 2.7ms | ActiveRecord: 0.4ms)


Started GET "/points" for 192.168.1.105 at 2016-05-23 14:29:36 +0530
Cannot render console from 192.168.1.105! Allowed networks: 127.0.0.1, ::1, 127.0.0.0/127.255.255.255
Processing by PointsController#index as HTML
  [1m[36mPoint Load (0.2ms)[0m  [1mSELECT "points".* FROM "points"[0m
Completed 200 OK in 2ms (Views: 1.3ms | ActiveRecord: 0.2ms)


Started GET "/points" for 192.168.1.105 at 2016-05-23 16:00:35 +0530
Cannot render console from 192.168.1.105! Allowed networks: 127.0.0.1, ::1, 127.0.0.0/127.255.255.255
Processing by PointsController#index as HTML
  [1m[35mPoint Load (0.2ms)[0m  SELECT "points".* FROM "points"
Completed 200 OK in 1ms (Views: 0.8ms | ActiveRecord: 0.2ms)


Started GET "/points" for 192.168.1.105 at 2016-05-23 16:01:33 +0530
Cannot render console from 192.168.1.105! Allowed networks: 127.0.0.1, ::1, 127.0.0.0/127.255.255.255
Processing by PointsController#index as HTML
  [1m[36mPoint Load (0.2ms)[0m  [1mSELECT "points".* FROM "points"[0m
Completed 200 OK in 2ms (Views: 1.0ms | ActiveRecord: 0.2ms)


Started GET "/points" for 192.168.1.105 at 2016-05-23 16:07:08 +0530
Cannot render console from 192.168.1.105! Allowed networks: 127.0.0.1, ::1, 127.0.0.0/127.255.255.255
Processing by PointsController#index as HTML
  [1m[35mPoint Load (0.2ms)[0m  SELECT "points".* FROM "points"
Completed 200 OK in 1ms (Views: 0.9ms | ActiveRecord: 0.2ms)


Started GET "/points" for 192.168.1.105 at 2016-05-23 16:08:01 +0530
Cannot render console from 192.168.1.105! Allowed networks: 127.0.0.1, ::1, 127.0.0.0/127.255.255.255
Processing by PointsController#index as HTML
  [1m[36mPoint Load (0.2ms)[0m  [1mSELECT "points".* FROM "points"[0m
Completed 200 OK in 2ms (Views: 1.1ms | ActiveRecord: 0.2ms)


Started GET "/points" for 192.168.1.105 at 2016-05-23 16:08:01 +0530
Cannot render console from 192.168.1.105! Allowed networks: 127.0.0.1, ::1, 127.0.0.0/127.255.255.255
Processing by PointsController#index as HTML
  [1m[35mPoint Load (0.2ms)[0m  SELECT "points".* FROM "points"
Completed 200 OK in 1ms (Views: 0.9ms | ActiveRecord: 0.2ms)


Started GET "/points" for 192.168.1.105 at 2016-05-23 16:08:01 +0530
Cannot render console from 192.168.1.105! Allowed networks: 127.0.0.1, ::1, 127.0.0.0/127.255.255.255
Processing by PointsController#index as HTML
  [1m[36mPoint Load (0.2ms)[0m  [1mSELECT "points".* FROM "points"[0m
Completed 200 OK in 2ms (Views: 1.2ms | ActiveRecord: 0.2ms)


Started GET "/points" for 192.168.1.105 at 2016-05-23 16:08:02 +0530
Cannot render console from 192.168.1.105! Allowed networks: 127.0.0.1, ::1, 127.0.0.0/127.255.255.255
Processing by PointsController#index as HTML
  [1m[35mPoint Load (0.2ms)[0m  SELECT "points".* FROM "points"
Completed 200 OK in 3ms (Views: 2.2ms | ActiveRecord: 0.2ms)


Started GET "/points" for 192.168.1.105 at 2016-05-23 16:08:02 +0530
Cannot render console from 192.168.1.105! Allowed networks: 127.0.0.1, ::1, 127.0.0.0/127.255.255.255
Processing by PointsController#index as HTML
  [1m[36mPoint Load (1.4ms)[0m  [1mSELECT "points".* FROM "points"[0m
Completed 200 OK in 5ms (Views: 3.2ms | ActiveRecord: 1.4ms)


Started GET "/points" for 192.168.1.105 at 2016-05-23 16:08:02 +0530
Cannot render console from 192.168.1.105! Allowed networks: 127.0.0.1, ::1, 127.0.0.0/127.255.255.255
Processing by PointsController#index as HTML
  [1m[35mPoint Load (0.2ms)[0m  SELECT "points".* FROM "points"
Completed 200 OK in 3ms (Views: 1.4ms | ActiveRecord: 0.2ms)


Started GET "/points" for 192.168.1.105 at 2016-05-23 16:08:28 +0530
Cannot render console from 192.168.1.105! Allowed networks: 127.0.0.1, ::1, 127.0.0.0/127.255.255.255
Processing by PointsController#index as HTML
  [1m[36mPoint Load (0.2ms)[0m  [1mSELECT "points".* FROM "points"[0m
Completed 200 OK in 1ms (Views: 0.8ms | ActiveRecord: 0.2ms)


Started GET "/points" for 192.168.1.105 at 2016-05-23 16:08:29 +0530
Cannot render console from 192.168.1.105! Allowed networks: 127.0.0.1, ::1, 127.0.0.0/127.255.255.255
Processing by PointsController#index as HTML
  [1m[35mPoint Load (0.1ms)[0m  SELECT "points".* FROM "points"
Completed 200 OK in 1ms (Views: 0.6ms | ActiveRecord: 0.1ms)


Started GET "/points" for 192.168.1.105 at 2016-05-23 16:08:29 +0530
Cannot render console from 192.168.1.105! Allowed networks: 127.0.0.1, ::1, 127.0.0.0/127.255.255.255
Processing by PointsController#index as HTML
  [1m[36mPoint Load (0.3ms)[0m  [1mSELECT "points".* FROM "points"[0m
Completed 200 OK in 2ms (Views: 1.1ms | ActiveRecord: 0.3ms)


Started GET "/points" for 192.168.1.105 at 2016-05-23 16:40:12 +0530
Cannot render console from 192.168.1.105! Allowed networks: 127.0.0.1, ::1, 127.0.0.0/127.255.255.255
Processing by PointsController#index as HTML
  [1m[35mPoint Load (15.7ms)[0m  SELECT "points".* FROM "points"
Completed 200 OK in 18ms (Views: 1.9ms | ActiveRecord: 15.7ms)


Started GET "/points" for 192.168.1.105 at 2016-05-23 17:03:25 +0530
Cannot render console from 192.168.1.105! Allowed networks: 127.0.0.1, ::1, 127.0.0.0/127.255.255.255
Processing by PointsController#index as HTML
  [1m[36mPoint Load (0.4ms)[0m  [1mSELECT "points".* FROM "points"[0m
Completed 200 OK in 3ms (Views: 2.2ms | ActiveRecord: 0.4ms)


Started GET "/points" for 192.168.1.105 at 2016-05-23 17:03:26 +0530
Cannot render console from 192.168.1.105! Allowed networks: 127.0.0.1, ::1, 127.0.0.0/127.255.255.255
Processing by PointsController#index as HTML
  [1m[35mPoint Load (0.2ms)[0m  SELECT "points".* FROM "points"
Completed 200 OK in 3ms (Views: 2.5ms | ActiveRecord: 0.2ms)


Started GET "/points" for 192.168.1.105 at 2016-05-23 17:03:26 +0530
Cannot render console from 192.168.1.105! Allowed networks: 127.0.0.1, ::1, 127.0.0.0/127.255.255.255
Processing by PointsController#index as HTML
  [1m[36mPoint Load (0.2ms)[0m  [1mSELECT "points".* FROM "points"[0m
Completed 200 OK in 2ms (Views: 1.4ms | ActiveRecord: 0.2ms)


Started GET "/points" for 192.168.1.105 at 2016-05-23 17:03:26 +0530
Cannot render console from 192.168.1.105! Allowed networks: 127.0.0.1, ::1, 127.0.0.0/127.255.255.255
Processing by PointsController#index as HTML
  [1m[35mPoint Load (0.2ms)[0m  SELECT "points".* FROM "points"
Completed 200 OK in 2ms (Views: 1.0ms | ActiveRecord: 0.2ms)


Started GET "/points" for 192.168.1.105 at 2016-05-23 17:03:26 +0530
Cannot render console from 192.168.1.105! Allowed networks: 127.0.0.1, ::1, 127.0.0.0/127.255.255.255
Processing by PointsController#index as HTML
  [1m[36mPoint Load (0.6ms)[0m  [1mSELECT "points".* FROM "points"[0m
Completed 200 OK in 4ms (Views: 3.0ms | ActiveRecord: 0.6ms)


Started GET "/points" for 192.168.1.105 at 2016-05-23 17:20:37 +0530
Cannot render console from 192.168.1.105! Allowed networks: 127.0.0.1, ::1, 127.0.0.0/127.255.255.255
Processing by PointsController#index as HTML
  [1m[35mPoint Load (0.2ms)[0m  SELECT "points".* FROM "points"
Completed 200 OK in 2ms (Views: 1.0ms | ActiveRecord: 0.2ms)


Started GET "/points" for 192.168.1.105 at 2016-05-23 17:20:38 +0530
Cannot render console from 192.168.1.105! Allowed networks: 127.0.0.1, ::1, 127.0.0.0/127.255.255.255
Processing by PointsController#index as HTML
  [1m[36mPoint Load (0.4ms)[0m  [1mSELECT "points".* FROM "points"[0m
Completed 200 OK in 3ms (Views: 2.0ms | ActiveRecord: 0.4ms)


Started GET "/points" for 192.168.1.105 at 2016-05-23 17:20:38 +0530
Cannot render console from 192.168.1.105! Allowed networks: 127.0.0.1, ::1, 127.0.0.0/127.255.255.255
Processing by PointsController#index as HTML
  [1m[35mPoint Load (0.2ms)[0m  SELECT "points".* FROM "points"
Completed 200 OK in 2ms (Views: 1.1ms | ActiveRecord: 0.2ms)


Started GET "/points" for 192.168.1.105 at 2016-05-23 17:20:38 +0530
Cannot render console from 192.168.1.105! Allowed networks: 127.0.0.1, ::1, 127.0.0.0/127.255.255.255
Processing by PointsController#index as HTML
  [1m[36mPoint Load (0.2ms)[0m  [1mSELECT "points".* FROM "points"[0m
Completed 200 OK in 2ms (Views: 1.7ms | ActiveRecord: 0.2ms)


Started GET "/points" for 192.168.1.105 at 2016-05-23 17:20:39 +0530
Cannot render console from 192.168.1.105! Allowed networks: 127.0.0.1, ::1, 127.0.0.0/127.255.255.255
Processing by PointsController#index as HTML
  [1m[35mPoint Load (0.2ms)[0m  SELECT "points".* FROM "points"
Completed 200 OK in 1ms (Views: 0.8ms | ActiveRecord: 0.2ms)


Started GET "/points" for 192.168.1.105 at 2016-05-23 17:20:39 +0530
Cannot render console from 192.168.1.105! Allowed networks: 127.0.0.1, ::1, 127.0.0.0/127.255.255.255
Processing by PointsController#index as HTML
  [1m[36mPoint Load (0.2ms)[0m  [1mSELECT "points".* FROM "points"[0m
Completed 200 OK in 3ms (Views: 2.1ms | ActiveRecord: 0.2ms)


Started GET "/points" for 192.168.1.105 at 2016-05-23 17:27:37 +0530
Cannot render console from 192.168.1.105! Allowed networks: 127.0.0.1, ::1, 127.0.0.0/127.255.255.255
Processing by PointsController#index as HTML
  [1m[35mPoint Load (0.2ms)[0m  SELECT "points".* FROM "points"
Completed 200 OK in 3ms (Views: 2.0ms | ActiveRecord: 0.2ms)


Started GET "/points" for 192.168.1.105 at 2016-05-23 17:27:37 +0530
Cannot render console from 192.168.1.105! Allowed networks: 127.0.0.1, ::1, 127.0.0.0/127.255.255.255
Processing by PointsController#index as HTML
  [1m[36mPoint Load (0.2ms)[0m  [1mSELECT "points".* FROM "points"[0m
Completed 200 OK in 2ms (Views: 1.2ms | ActiveRecord: 0.2ms)


Started GET "/points" for 192.168.1.105 at 2016-05-23 17:27:38 +0530
Cannot render console from 192.168.1.105! Allowed networks: 127.0.0.1, ::1, 127.0.0.0/127.255.255.255
Processing by PointsController#index as HTML
  [1m[35mPoint Load (0.2ms)[0m  SELECT "points".* FROM "points"
Completed 200 OK in 2ms (Views: 0.9ms | ActiveRecord: 0.2ms)


Started GET "/points" for 192.168.1.105 at 2016-05-23 17:27:38 +0530
Cannot render console from 192.168.1.105! Allowed networks: 127.0.0.1, ::1, 127.0.0.0/127.255.255.255
Processing by PointsController#index as HTML
  [1m[36mPoint Load (0.6ms)[0m  [1mSELECT "points".* FROM "points"[0m
Completed 200 OK in 3ms (Views: 1.5ms | ActiveRecord: 0.6ms)


Started GET "/points" for 192.168.1.105 at 2016-05-23 17:27:38 +0530
Cannot render console from 192.168.1.105! Allowed networks: 127.0.0.1, ::1, 127.0.0.0/127.255.255.255
Processing by PointsController#index as HTML
  [1m[35mPoint Load (0.3ms)[0m  SELECT "points".* FROM "points"
Completed 200 OK in 3ms (Views: 2.3ms | ActiveRecord: 0.3ms)


Started GET "/points" for 192.168.1.105 at 2016-05-23 17:27:38 +0530
Cannot render console from 192.168.1.105! Allowed networks: 127.0.0.1, ::1, 127.0.0.0/127.255.255.255
Processing by PointsController#index as HTML
  [1m[36mPoint Load (0.3ms)[0m  [1mSELECT "points".* FROM "points"[0m
Completed 200 OK in 3ms (Views: 1.5ms | ActiveRecord: 0.3ms)


Started GET "/points" for 192.168.1.105 at 2016-05-23 17:27:38 +0530
Cannot render console from 192.168.1.105! Allowed networks: 127.0.0.1, ::1, 127.0.0.0/127.255.255.255
Processing by PointsController#index as HTML
  [1m[35mPoint Load (0.1ms)[0m  SELECT "points".* FROM "points"
Completed 200 OK in 1ms (Views: 0.9ms | ActiveRecord: 0.1ms)


Started GET "/points" for 192.168.1.105 at 2016-05-23 17:29:26 +0530
Cannot render console from 192.168.1.105! Allowed networks: 127.0.0.1, ::1, 127.0.0.0/127.255.255.255
Processing by PointsController#index as HTML
  [1m[36mPoint Load (0.2ms)[0m  [1mSELECT "points".* FROM "points"[0m
Completed 200 OK in 2ms (Views: 1.9ms | ActiveRecord: 0.2ms)


Started GET "/points" for 192.168.1.105 at 2016-05-23 17:29:42 +0530
Cannot render console from 192.168.1.105! Allowed networks: 127.0.0.1, ::1, 127.0.0.0/127.255.255.255
Processing by PointsController#index as HTML
  [1m[35mPoint Load (0.2ms)[0m  SELECT "points".* FROM "points"
Completed 200 OK in 2ms (Views: 1.6ms | ActiveRecord: 0.2ms)
